<?xml version="1.0" encoding="UTF-8"?>
<!-- Generated by org.testng.reporters.JUnitReportReporter -->
<testsuite hostname="Ieshanies-Surface3" failures="0" tests="3" name="com.crm.qa.testcases.HomePageTest" time="0.000" errors="0" timestamp="2024-05-07T23:43:43 AEST" skipped="3">
  <testcase classname="com.crm.qa.testcases.HomePageTest" name="verifyHomePageTestTitle" time="0.000">
    <skipped/>
  </testcase> <!-- verifyHomePageTestTitle -->
  <system-out/>
  <testcase classname="com.crm.qa.testcases.HomePageTest" name="verifyUserNameTest" time="0.000">
    <skipped/>
  </testcase> <!-- verifyUserNameTest -->
  <system-out/>
  <testcase classname="com.crm.qa.testcases.HomePageTest" name="verifyContactPageLink" time="0.000">
    <skipped/>
  </testcase> <!-- verifyContactPageLink -->
  <system-out/>
</testsuite> <!-- com.crm.qa.testcases.HomePageTest -->
