<?xml version="1.0" encoding="UTF-8"?>
<!-- Generated by org.testng.reporters.JUnitReportReporter -->
<testsuite hostname="Ieshanies-Surface3" failures="0" tests="3" name="com.crm.qa.testcases.LoginPageTest" time="0.000" errors="0" timestamp="2024-05-07T23:43:43 AEST" skipped="3">
  <testcase classname="com.crm.qa.testcases.LoginPageTest" name="titleTest" time="0.000">
    <skipped/>
  </testcase> <!-- titleTest -->
  <system-out/>
  <testcase classname="com.crm.qa.testcases.LoginPageTest" name="crmLogoImageTest" time="0.000">
    <skipped/>
  </testcase> <!-- crmLogoImageTest -->
  <system-out/>
  <testcase classname="com.crm.qa.testcases.LoginPageTest" name="loginTest" time="0.000">
    <skipped/>
  </testcase> <!-- loginTest -->
  <system-out/>
</testsuite> <!-- com.crm.qa.testcases.LoginPageTest -->
